#
# There is insufficient memory for the Java Runtime Environment to continue.
# Native memory allocation (mmap) failed to map 170917888 bytes for committing reserved memory.
# Possible reasons:
#   The system is out of physical RAM or swap space
#   In 32 bit mode, the process size limit was hit
# Possible solutions:
#   Reduce memory load on the system
#   Increase physical memory or swap space
#   Check if swap backing store is full
#   Use 64 bit Java on a 64 bit OS
#   Decrease Java heap size (-Xmx/-Xms)
#   Decrease number of Java threads
#   Decrease Java thread stack sizes (-Xss)
#   Set larger code cache with -XX:ReservedCodeCacheSize=
# This output file may be truncated or incomplete.
#
#  Out of Memory Error (os_linux.cpp:2640), pid=6211, tid=0x00007ff6b3015700
#
# JRE version:  (8.0_181-b13) (build )
# Java VM: Java HotSpot(TM) 64-Bit Server VM (25.181-b13 mixed mode linux-amd64 compressed oops)
# Failed to write core dump. Core dumps have been disabled. To enable core dumping, try "ulimit -c unlimited" before starting Java again
#

---------------  T H R E A D  ---------------

Current thread (0x00007ff6ac00e000):  JavaThread "Unknown thread" [_thread_in_vm, id=6217, stack(0x00007ff6b2f16000,0x00007ff6b3016000)]

Stack: [0x00007ff6b2f16000,0x00007ff6b3016000],  sp=0x00007ff6b3014360,  free space=1016k
Native frames: (J=compiled Java code, j=interpreted, Vv=VM code, C=native code)
V  [libjvm.so+0xad21aa]  VMError::report_and_die()+0x2ba
V  [libjvm.so+0x5022db]  report_vm_out_of_memory(char const*, int, unsigned long, VMErrorType, char const*)+0x8b
V  [libjvm.so+0x92fe33]  os::Linux::commit_memory_impl(char*, unsigned long, bool)+0x123
V  [libjvm.so+0x930059]  os::pd_commit_memory(char*, unsigned long, unsigned long, bool)+0x29
V  [libjvm.so+0x9272ba]  os::commit_memory(char*, unsigned long, unsigned long, bool)+0x2a
V  [libjvm.so+0x99d2e3]  PSVirtualSpace::expand_by(unsigned long)+0x53
V  [libjvm.so+0x98d3f7]  PSOldGen::initialize(ReservedSpace, unsigned long, char const*, int)+0xb7
V  [libjvm.so+0x2dc1ea]  AdjoiningGenerations::AdjoiningGenerations(ReservedSpace, GenerationSizer*, unsigned long)+0x39a
V  [libjvm.so+0x951426]  ParallelScavengeHeap::initialize()+0x1d6
V  [libjvm.so+0xa9a1e3]  Universe::initialize_heap()+0xf3
V  [libjvm.so+0xa9a74e]  universe_init()+0x3e
V  [libjvm.so+0x644875]  init_globals()+0x65
V  [libjvm.so+0xa7eefe]  Threads::create_vm(JavaVMInitArgs*, bool*)+0x23e
V  [libjvm.so+0x6d8d74]  JNI_CreateJavaVM+0x74
C  [libjli.so+0x797e]  JavaMain+0x9e
C  [libpthread.so.0+0x76db]  start_thread+0xdb


---------------  P R O C E S S  ---------------

Java Threads: ( => current thread )

Other Threads:

=>0x00007ff6ac00e000 (exited) JavaThread "Unknown thread" [_thread_in_vm, id=6217, stack(0x00007ff6b2f16000,0x00007ff6b3016000)]

VM state:not at safepoint (not fully initialized)

VM Mutex/Monitor currently owned by a thread: None

GC Heap History (0 events):
No events

Deoptimization events (0 events):
No events

Classes redefined (0 events):
No events

Internal exceptions (0 events):
No events

Events (0 events):
No events


Dynamic libraries:
00400000-00401000 r-xp 00000000 103:01 13764151                          /home/ciprian/Downloads/jdk1.8.0_181/bin/java
00600000-00601000 rw-p 00000000 103:01 13764151                          /home/ciprian/Downloads/jdk1.8.0_181/bin/java
00e5f000-00e80000 rw-p 00000000 00:00 0                                  [heap]
6d7700000-76f180000 ---p 00000000 00:00 0 
76f180000-774280000 rw-p 00000000 00:00 0 
774280000-7c0000000 ---p 00000000 00:00 0 
7ff69c0f3000-7ff69c28d000 rw-p 00000000 00:00 0 
7ff69c28d000-7ff69c79b000 ---p 00000000 00:00 0 
7ff69c79b000-7ff69c7c5000 rw-p 00000000 00:00 0 
7ff69c7c5000-7ff69ca23000 ---p 00000000 00:00 0 
7ff69ca23000-7ff69ca2e000 rw-p 00000000 00:00 0 
7ff69ca2e000-7ff69cde4000 ---p 00000000 00:00 0 
7ff69cde4000-7ff69d054000 rwxp 00000000 00:00 0 
7ff69d054000-7ff6abde4000 ---p 00000000 00:00 0 
7ff6abde4000-7ff6abdff000 r-xp 00000000 103:01 13765863                  /home/ciprian/Downloads/jdk1.8.0_181/jre/lib/amd64/libzip.so
7ff6abdff000-7ff6abfff000 ---p 0001b000 103:01 13765863                  /home/ciprian/Downloads/jdk1.8.0_181/jre/lib/amd64/libzip.so
7ff6abfff000-7ff6ac000000 rw-p 0001b000 103:01 13765863                  /home/ciprian/Downloads/jdk1.8.0_181/jre/lib/amd64/libzip.so
7ff6ac000000-7ff6ac038000 rw-p 00000000 00:00 0 
7ff6ac038000-7ff6b0000000 ---p 00000000 00:00 0 
7ff6b00cf000-7ff6b01c0000 rw-p 00000000 00:00 0 
7ff6b01c0000-7ff6b01cb000 r-xp 00000000 103:01 12325630                  /lib/x86_64-linux-gnu/libnss_files-2.27.so
7ff6b01cb000-7ff6b03ca000 ---p 0000b000 103:01 12325630                  /lib/x86_64-linux-gnu/libnss_files-2.27.so
7ff6b03ca000-7ff6b03cb000 r--p 0000a000 103:01 12325630                  /lib/x86_64-linux-gnu/libnss_files-2.27.so
7ff6b03cb000-7ff6b03cc000 rw-p 0000b000 103:01 12325630                  /lib/x86_64-linux-gnu/libnss_files-2.27.so
7ff6b03cc000-7ff6b03d2000 rw-p 00000000 00:00 0 
7ff6b03d2000-7ff6b03e9000 r-xp 00000000 103:01 12325624                  /lib/x86_64-linux-gnu/libnsl-2.27.so
7ff6b03e9000-7ff6b05e8000 ---p 00017000 103:01 12325624                  /lib/x86_64-linux-gnu/libnsl-2.27.so
7ff6b05e8000-7ff6b05e9000 r--p 00016000 103:01 12325624                  /lib/x86_64-linux-gnu/libnsl-2.27.so
7ff6b05e9000-7ff6b05ea000 rw-p 00017000 103:01 12325624                  /lib/x86_64-linux-gnu/libnsl-2.27.so
7ff6b05ea000-7ff6b05ec000 rw-p 00000000 00:00 0 
7ff6b05ec000-7ff6b05f7000 r-xp 00000000 103:01 12325641                  /lib/x86_64-linux-gnu/libnss_nis-2.27.so
7ff6b05f7000-7ff6b07f6000 ---p 0000b000 103:01 12325641                  /lib/x86_64-linux-gnu/libnss_nis-2.27.so
7ff6b07f6000-7ff6b07f7000 r--p 0000a000 103:01 12325641                  /lib/x86_64-linux-gnu/libnss_nis-2.27.so
7ff6b07f7000-7ff6b07f8000 rw-p 0000b000 103:01 12325641                  /lib/x86_64-linux-gnu/libnss_nis-2.27.so
7ff6b07f8000-7ff6b0800000 r-xp 00000000 103:01 12325626                  /lib/x86_64-linux-gnu/libnss_compat-2.27.so
7ff6b0800000-7ff6b0a00000 ---p 00008000 103:01 12325626                  /lib/x86_64-linux-gnu/libnss_compat-2.27.so
7ff6b0a00000-7ff6b0a01000 r--p 00008000 103:01 12325626                  /lib/x86_64-linux-gnu/libnss_compat-2.27.so
7ff6b0a01000-7ff6b0a02000 rw-p 00009000 103:01 12325626                  /lib/x86_64-linux-gnu/libnss_compat-2.27.so
7ff6b0a02000-7ff6b0a2d000 r-xp 00000000 103:01 13765857                  /home/ciprian/Downloads/jdk1.8.0_181/jre/lib/amd64/libjava.so
7ff6b0a2d000-7ff6b0c2c000 ---p 0002b000 103:01 13765857                  /home/ciprian/Downloads/jdk1.8.0_181/jre/lib/amd64/libjava.so
7ff6b0c2c000-7ff6b0c2e000 rw-p 0002a000 103:01 13765857                  /home/ciprian/Downloads/jdk1.8.0_181/jre/lib/amd64/libjava.so
7ff6b0c2e000-7ff6b0c3b000 r-xp 00000000 103:01 13765862                  /home/ciprian/Downloads/jdk1.8.0_181/jre/lib/amd64/libverify.so
7ff6b0c3b000-7ff6b0e3b000 ---p 0000d000 103:01 13765862                  /home/ciprian/Downloads/jdk1.8.0_181/jre/lib/amd64/libverify.so
7ff6b0e3b000-7ff6b0e3d000 rw-p 0000d000 103:01 13765862                  /home/ciprian/Downloads/jdk1.8.0_181/jre/lib/amd64/libverify.so
7ff6b0e3d000-7ff6b0e44000 r-xp 00000000 103:01 12325681                  /lib/x86_64-linux-gnu/librt-2.27.so
7ff6b0e44000-7ff6b1043000 ---p 00007000 103:01 12325681                  /lib/x86_64-linux-gnu/librt-2.27.so
7ff6b1043000-7ff6b1044000 r--p 00006000 103:01 12325681                  /lib/x86_64-linux-gnu/librt-2.27.so
7ff6b1044000-7ff6b1045000 rw-p 00007000 103:01 12325681                  /lib/x86_64-linux-gnu/librt-2.27.so
7ff6b1045000-7ff6b11e2000 r-xp 00000000 103:01 12325603                  /lib/x86_64-linux-gnu/libm-2.27.so
7ff6b11e2000-7ff6b13e1000 ---p 0019d000 103:01 12325603                  /lib/x86_64-linux-gnu/libm-2.27.so
7ff6b13e1000-7ff6b13e2000 r--p 0019c000 103:01 12325603                  /lib/x86_64-linux-gnu/libm-2.27.so
7ff6b13e2000-7ff6b13e3000 rw-p 0019d000 103:01 12325603                  /lib/x86_64-linux-gnu/libm-2.27.so
7ff6b13e3000-7ff6b20bf000 r-xp 00000000 103:01 13765839                  /home/ciprian/Downloads/jdk1.8.0_181/jre/lib/amd64/server/libjvm.so
7ff6b20bf000-7ff6b22bf000 ---p 00cdc000 103:01 13765839                  /home/ciprian/Downloads/jdk1.8.0_181/jre/lib/amd64/server/libjvm.so
7ff6b22bf000-7ff6b2399000 rw-p 00cdc000 103:01 13765839                  /home/ciprian/Downloads/jdk1.8.0_181/jre/lib/amd64/server/libjvm.so
7ff6b2399000-7ff6b23e4000 rw-p 00000000 00:00 0 
7ff6b23e4000-7ff6b25cb000 r-xp 00000000 103:01 12325540                  /lib/x86_64-linux-gnu/libc-2.27.so
7ff6b25cb000-7ff6b27cb000 ---p 001e7000 103:01 12325540                  /lib/x86_64-linux-gnu/libc-2.27.so
7ff6b27cb000-7ff6b27cf000 r--p 001e7000 103:01 12325540                  /lib/x86_64-linux-gnu/libc-2.27.so
7ff6b27cf000-7ff6b27d1000 rw-p 001eb000 103:01 12325540                  /lib/x86_64-linux-gnu/libc-2.27.so
7ff6b27d1000-7ff6b27d5000 rw-p 00000000 00:00 0 
7ff6b27d5000-7ff6b27d8000 r-xp 00000000 103:01 12325563                  /lib/x86_64-linux-gnu/libdl-2.27.so
7ff6b27d8000-7ff6b29d7000 ---p 00003000 103:01 12325563                  /lib/x86_64-linux-gnu/libdl-2.27.so
7ff6b29d7000-7ff6b29d8000 r--p 00002000 103:01 12325563                  /lib/x86_64-linux-gnu/libdl-2.27.so
7ff6b29d8000-7ff6b29d9000 rw-p 00003000 103:01 12325563                  /lib/x86_64-linux-gnu/libdl-2.27.so
7ff6b29d9000-7ff6b29ef000 r-xp 00000000 103:01 13765513                  /home/ciprian/Downloads/jdk1.8.0_181/lib/amd64/jli/libjli.so
7ff6b29ef000-7ff6b2bee000 ---p 00016000 103:01 13765513                  /home/ciprian/Downloads/jdk1.8.0_181/lib/amd64/jli/libjli.so
7ff6b2bee000-7ff6b2bef000 rw-p 00015000 103:01 13765513                  /home/ciprian/Downloads/jdk1.8.0_181/lib/amd64/jli/libjli.so
7ff6b2bef000-7ff6b2c09000 r-xp 00000000 103:01 12325673                  /lib/x86_64-linux-gnu/libpthread-2.27.so
7ff6b2c09000-7ff6b2e08000 ---p 0001a000 103:01 12325673                  /lib/x86_64-linux-gnu/libpthread-2.27.so
7ff6b2e08000-7ff6b2e09000 r--p 00019000 103:01 12325673                  /lib/x86_64-linux-gnu/libpthread-2.27.so
7ff6b2e09000-7ff6b2e0a000 rw-p 0001a000 103:01 12325673                  /lib/x86_64-linux-gnu/libpthread-2.27.so
7ff6b2e0a000-7ff6b2e0e000 rw-p 00000000 00:00 0 
7ff6b2e0e000-7ff6b2e35000 r-xp 00000000 103:01 12325512                  /lib/x86_64-linux-gnu/ld-2.27.so
7ff6b2f15000-7ff6b2f16000 ---p 00000000 00:00 0 
7ff6b2f16000-7ff6b2f19000 ---p 00000000 00:00 0 
7ff6b2f19000-7ff6b301a000 rw-p 00000000 00:00 0 
7ff6b302b000-7ff6b3033000 rw-s 00000000 103:01 14942637                  /tmp/hsperfdata_ciprian/6211
7ff6b3033000-7ff6b3034000 rw-p 00000000 00:00 0 
7ff6b3034000-7ff6b3035000 r--p 00000000 00:00 0 
7ff6b3035000-7ff6b3036000 r--p 00027000 103:01 12325512                  /lib/x86_64-linux-gnu/ld-2.27.so
7ff6b3036000-7ff6b3037000 rw-p 00028000 103:01 12325512                  /lib/x86_64-linux-gnu/ld-2.27.so
7ff6b3037000-7ff6b3038000 rw-p 00000000 00:00 0 
7ffc3f45f000-7ffc3f482000 rw-p 00000000 00:00 0                          [stack]
7ffc3f5b3000-7ffc3f5b6000 r--p 00000000 00:00 0                          [vvar]
7ffc3f5b6000-7ffc3f5b8000 r-xp 00000000 00:00 0                          [vdso]
ffffffffff600000-ffffffffff601000 r-xp 00000000 00:00 0                  [vsyscall]

VM Arguments:
jvm_args: -Dfile.encoding=UTF-8 
java_command: ODIN_VALIDATOR_APITEST.TEST
java_class_path (initial): /home/ciprian/Downloads/jdk1.8.0_181/jre/lib/resources.jar:/home/ciprian/Downloads/jdk1.8.0_181/jre/lib/rt.jar:/home/ciprian/Downloads/jdk1.8.0_181/jre/lib/jsse.jar:/home/ciprian/Downloads/jdk1.8.0_181/jre/lib/jce.jar:/home/ciprian/Downloads/jdk1.8.0_181/jre/lib/charsets.jar:/home/ciprian/Downloads/jdk1.8.0_181/jre/lib/jfr.jar:/home/ciprian/Downloads/jdk1.8.0_181/jre/lib/ext/nashorn.jar:/home/ciprian/Downloads/jdk1.8.0_181/jre/lib/ext/sunjce_provider.jar:/home/ciprian/Downloads/jdk1.8.0_181/jre/lib/ext/localedata.jar:/home/ciprian/Downloads/jdk1.8.0_181/jre/lib/ext/zipfs.jar:/home/ciprian/Downloads/jdk1.8.0_181/jre/lib/ext/jaccess.jar:/home/ciprian/Downloads/jdk1.8.0_181/jre/lib/ext/cldrdata.jar:/home/ciprian/Downloads/jdk1.8.0_181/jre/lib/ext/dnsns.jar:/home/ciprian/Downloads/jdk1.8.0_181/jre/lib/ext/sunpkcs11.jar:/home/ciprian/Downloads/jdk1.8.0_181/jre/lib/ext/jfxrt.jar:/home/ciprian/Downloads/jdk1.8.0_181/jre/lib/ext/sunec.jar:/home/ciprian/git/odin_component_test/target/classes:/home/ciprian/.m2/repository/io/rest-assured/rest-assured/3.3.0/rest-assured-3.3.0.jar:/home/ciprian/.m2/repository/org/codehaus/groovy/groovy/2.4.15/groovy-2.4.15.jar:/home/ciprian/.m2/repository/org/codehaus/groovy/groovy-xml/2.4.15/groovy-xml-2.4.15.jar:/home/ciprian/.m2/repository/org/apache/httpcomponents/httpclient/4.5.3/httpclient-4.5.3.jar:/home/ciprian/.m2/repository/org/apache/httpcomponents/httpcore/4.4.6/httpcore-4.4.6.jar:/home/ciprian/.m2/repository/commons-logging/commons-logging/1.2/commons-logging-1.2.jar:/home/ciprian/.m2/repository/commons-codec/commons-codec/1.9/commons-codec-1.9.jar:/home/ciprian/.m2/repository/org/apache/httpcomponents/httpmime/4.5.3/httpmime-4.5.3.jar:/home/ciprian/.m2/repository/org/hamcrest/hamcrest-core/1.3/hamcrest-core-1.3.jar:/home/ciprian/.m2/repository/org/hamcrest/hamcrest-library/1.3/hamcrest-library-1.3.jar:/home/ciprian/.m2/repository/org/ccil/cowan/tagsoup/tagsoup/1.2.1/tagsoup-1.2.1.jar:/home/ciprian/.m2/r
Launcher Type: SUN_STANDARD

Environment Variables:
JAVA_HOME=/usr/lib/jvm/java-8-oracle
PATH=/usr/local/sbin:/usr/local/bin:/usr/sbin:/usr/bin:/sbin:/bin:/usr/games:/usr/local/games:/snap/bin:/usr/lib/jvm/java-8-oracle/bin:/usr/lib/jvm/java-8-oracle/db/bin:/usr/lib/jvm/java-8-oracle/jre/bin
USERNAME=ciprian
SHELL=/bin/bash
DISPLAY=:0

Signal Handlers:
SIGSEGV: [libjvm.so+0xad2a40], sa_mask[0]=11111111011111111101111111111110, sa_flags=SA_RESTART|SA_SIGINFO
SIGBUS: [libjvm.so+0xad2a40], sa_mask[0]=11111111011111111101111111111110, sa_flags=SA_RESTART|SA_SIGINFO
SIGFPE: [libjvm.so+0x92a610], sa_mask[0]=11111111011111111101111111111110, sa_flags=SA_RESTART|SA_SIGINFO
SIGPIPE: [libjvm.so+0x92a610], sa_mask[0]=11111111011111111101111111111110, sa_flags=SA_RESTART|SA_SIGINFO
SIGXFSZ: [libjvm.so+0x92a610], sa_mask[0]=11111111011111111101111111111110, sa_flags=SA_RESTART|SA_SIGINFO
SIGILL: [libjvm.so+0x92a610], sa_mask[0]=11111111011111111101111111111110, sa_flags=SA_RESTART|SA_SIGINFO
SIGUSR1: SIG_DFL, sa_mask[0]=00000000000000000000000000000000, sa_flags=none
SIGUSR2: [libjvm.so+0x92be70], sa_mask[0]=00100000000000000000000000000000, sa_flags=SA_RESTART|SA_SIGINFO
SIGHUP: SIG_DFL, sa_mask[0]=00000000000000000000000000000000, sa_flags=none
SIGINT: SIG_DFL, sa_mask[0]=00000000000000000000000000000000, sa_flags=none
SIGTERM: SIG_DFL, sa_mask[0]=00000000000000000000000000000000, sa_flags=none
SIGQUIT: SIG_DFL, sa_mask[0]=00000000000000000000000000000000, sa_flags=none


---------------  S Y S T E M  ---------------

OS:DISTRIB_ID=Ubuntu
DISTRIB_RELEASE=18.04
DISTRIB_CODENAME=bionic
DISTRIB_DESCRIPTION="Ubuntu 18.04.3 LTS"

uname:Linux 4.15.0-66-generic #75-Ubuntu SMP Tue Oct 1 05:24:09 UTC 2019 x86_64
libc:glibc 2.27 NPTL 2.27 
rlimit: STACK 8192k, CORE 0k, NPROC 61941, NOFILE 4096, AS infinity
load average:12.84 6.01 3.62

/proc/meminfo:
MemTotal:       15901312 kB
MemFree:          145796 kB
MemAvailable:      51604 kB
Buffers:            3256 kB
Cached:           764332 kB
SwapCached:         3144 kB
Active:          5727052 kB
Inactive:         888644 kB
Active(anon):    5695220 kB
Inactive(anon):   846320 kB
Active(file):      31832 kB
Inactive(file):    42324 kB
Unevictable:         888 kB
Mlocked:             888 kB
SwapTotal:       2097148 kB
SwapFree:              0 kB
Dirty:               200 kB
Writeback:             0 kB
AnonPages:       5847364 kB
Mapped:          8836056 kB
Shmem:            693148 kB
Slab:             298412 kB
SReclaimable:      80000 kB
SUnreclaim:       218412 kB
KernelStack:       24416 kB
PageTables:       123984 kB
NFS_Unstable:          0 kB
Bounce:                0 kB
WritebackTmp:          0 kB
CommitLimit:    10047804 kB
Committed_AS:   27774092 kB
VmallocTotal:   34359738367 kB
VmallocUsed:           0 kB
VmallocChunk:          0 kB
HardwareCorrupted:     0 kB
AnonHugePages:         0 kB
ShmemHugePages:        0 kB
ShmemPmdMapped:        0 kB
CmaTotal:              0 kB
CmaFree:               0 kB
HugePages_Total:       0
HugePages_Free:        0
HugePages_Rsvd:        0
HugePages_Surp:        0
Hugepagesize:       2048 kB
DirectMap4k:     1285668 kB
DirectMap2M:     9717760 kB
DirectMap1G:     6291456 kB


CPU:total 4 (initial active 4) (2 cores per cpu, 2 threads per core) family 6 model 78 stepping 3, cmov, cx8, fxsr, mmx, sse, sse2, sse3, ssse3, sse4.1, sse4.2, popcnt, avx, avx2, aes, clmul, erms, rtm, 3dnowpref, lzcnt, ht, tsc, tscinvbit, bmi1, bmi2, adx

/proc/cpuinfo:
processor	: 0
vendor_id	: GenuineIntel
cpu family	: 6
model		: 78
model name	: Intel(R) Core(TM) i5-6300U CPU @ 2.40GHz
stepping	: 3
microcode	: 0xcc
cpu MHz		: 2895.024
cache size	: 3072 KB
physical id	: 0
siblings	: 4
core id		: 0
cpu cores	: 2
apicid		: 0
initial apicid	: 0
fpu		: yes
fpu_exception	: yes
cpuid level	: 22
wp		: yes
flags		: fpu vme de pse tsc msr pae mce cx8 apic sep mtrr pge mca cmov pat pse36 clflush dts acpi mmx fxsr sse sse2 ss ht tm pbe syscall nx pdpe1gb rdtscp lm constant_tsc art arch_perfmon pebs bts rep_good nopl xtopology nonstop_tsc cpuid aperfmperf tsc_known_freq pni pclmulqdq dtes64 monitor ds_cpl vmx smx est tm2 ssse3 sdbg fma cx16 xtpr pdcm pcid sse4_1 sse4_2 x2apic movbe popcnt tsc_deadline_timer aes xsave avx f16c rdrand lahf_lm abm 3dnowprefetch cpuid_fault epb invpcid_single pti ssbd ibrs ibpb stibp tpr_shadow vnmi flexpriority ept vpid fsgsbase tsc_adjust bmi1 hle avx2 smep bmi2 erms invpcid rtm mpx rdseed adx smap clflushopt intel_pt xsaveopt xsavec xgetbv1 xsaves dtherm ida arat pln pts hwp hwp_notify hwp_act_window hwp_epp md_clear flush_l1d
bugs		: cpu_meltdown spectre_v1 spectre_v2 spec_store_bypass l1tf mds swapgs
bogomips	: 4992.00
clflush size	: 64
cache_alignment	: 64
address sizes	: 39 bits physical, 48 bits virtual
power management:

processor	: 1
vendor_id	: GenuineIntel
cpu family	: 6
model		: 78
model name	: Intel(R) Core(TM) i5-6300U CPU @ 2.40GHz
stepping	: 3
microcode	: 0xcc
cpu MHz		: 2895.298
cache size	: 3072 KB
physical id	: 0
siblings	: 4
core id		: 1
cpu cores	: 2
apicid		: 2
initial apicid	: 2
fpu		: yes
fpu_exception	: yes
cpuid level	: 22
wp		: yes
flags		: fpu vme de pse tsc msr pae mce cx8 apic sep mtrr pge mca cmov pat pse36 clflush dts acpi mmx fxsr sse sse2 ss ht tm pbe syscall nx pdpe1gb rdtscp lm constant_tsc art arch_perfmon pebs bts rep_good nopl xtopology nonstop_tsc cpuid aperfmperf tsc_known_freq pni pclmulqdq dtes64 monitor ds_cpl vmx smx est tm2 ssse3 sdbg fma cx16 xtpr pdcm pcid sse4_1 sse4_2 x2apic movbe popcnt tsc_deadline_timer aes xsave avx f16c rdrand lahf_lm abm 3dnowprefetch cpuid_fault epb invpcid_single pti ssbd ibrs ibpb stibp tpr_shadow vnmi flexpriority ept vpid fsgsbase tsc_adjust bmi1 hle avx2 smep bmi2 erms invpcid rtm mpx rdseed adx smap clflushopt intel_pt xsaveopt xsavec xgetbv1 xsaves dtherm ida arat pln pts hwp hwp_notify hwp_act_window hwp_epp md_clear flush_l1d
bugs		: cpu_meltdown spectre_v1 spectre_v2 spec_store_bypass l1tf mds swapgs
bogomips	: 4992.00
clflush size	: 64
cache_alignment	: 64
address sizes	: 39 bits physical, 48 bits virtual
power management:

processor	: 2
vendor_id	: GenuineIntel
cpu family	: 6
model		: 78
model name	: Intel(R) Core(TM) i5-6300U CPU @ 2.40GHz
stepping	: 3
microcode	: 0xcc
cpu MHz		: 2895.302
cache size	: 3072 KB
physical id	: 0
siblings	: 4
core id		: 0
cpu cores	: 2
apicid		: 1
initial apicid	: 1
fpu		: yes
fpu_exception	: yes
cpuid level	: 22
wp		: yes
flags		: fpu vme de pse tsc msr pae mce cx8 apic sep mtrr pge mca cmov pat pse36 clflush dts acpi mmx fxsr sse sse2 ss ht tm pbe syscall nx pdpe1gb rdtscp lm constant_tsc art arch_perfmon pebs bts rep_good nopl xtopology nonstop_tsc cpuid aperfmperf tsc_known_freq pni pclmulqdq dtes64 monitor ds_cpl vmx smx est tm2 ssse3 sdbg fma cx16 xtpr pdcm pcid sse4_1 sse4_2 x2apic movbe popcnt tsc_deadline_timer aes xsave avx f16c rdrand lahf_lm abm 3dnowprefetch cpuid_fault epb invpcid_single pti ssbd ibrs ibpb stibp tpr_shadow vnmi flexpriority ept vpid fsgsbase tsc_adjust bmi1 hle avx2 smep bmi2 erms invpcid rtm mpx rdseed adx smap clflushopt intel_pt xsaveopt xsavec xgetbv1 xsaves dtherm ida arat pln pts hwp hwp_notify hwp_act_window hwp_epp md_clear flush_l1d
bugs		: cpu_meltdown spectre_v1 spectre_v2 spec_store_bypass l1tf mds swapgs
bogomips	: 4992.00
clflush size	: 64
cache_alignment	: 64
address sizes	: 39 bits physical, 48 bits virtual
power management:

processor	: 3
vendor_id	: GenuineIntel
cpu family	: 6
model		: 78
model name	: Intel(R) Core(TM) i5-6300U CPU @ 2.40GHz
stepping	: 3
microcode	: 0xcc
cpu MHz		: 2895.365
cache size	: 3072 KB
physical id	: 0
siblings	: 4
core id		: 1
cpu cores	: 2
apicid		: 3
initial apicid	: 3
fpu		: yes
fpu_exception	: yes
cpuid level	: 22
wp		: yes
flags		: fpu vme de pse tsc msr pae mce cx8 apic sep mtrr pge mca cmov pat pse36 clflush dts acpi mmx fxsr sse sse2 ss ht tm pbe syscall nx pdpe1gb rdtscp lm constant_tsc art arch_perfmon pebs bts rep_good nopl xtopology nonstop_tsc cpuid aperfmperf tsc_known_freq pni pclmulqdq dtes64 monitor ds_cpl vmx smx est tm2 ssse3 sdbg fma cx16 xtpr pdcm pcid sse4_1 sse4_2 x2apic movbe popcnt tsc_deadline_timer aes xsave avx f16c rdrand lahf_lm abm 3dnowprefetch cpuid_fault epb invpcid_single pti ssbd ibrs ibpb stibp tpr_shadow vnmi flexpriority ept vpid fsgsbase tsc_adjust bmi1 hle avx2 smep bmi2 erms invpcid rtm mpx rdseed adx smap clflushopt intel_pt xsaveopt xsavec xgetbv1 xsaves dtherm ida arat pln pts hwp hwp_notify hwp_act_window hwp_epp md_clear flush_l1d
bugs		: cpu_meltdown spectre_v1 spectre_v2 spec_store_bypass l1tf mds swapgs
bogomips	: 4992.00
clflush size	: 64
cache_alignment	: 64
address sizes	: 39 bits physical, 48 bits virtual
power management:



Memory: 4k page, physical 15901312k(148032k free), swap 2097148k(0k free)

vm_info: Java HotSpot(TM) 64-Bit Server VM (25.181-b13) for linux-amd64 JRE (1.8.0_181-b13), built on Jul  7 2018 00:56:38 by "java_re" with gcc 4.3.0 20080428 (Red Hat 4.3.0-8)

time: Thu Nov  7 12:21:51 2019
elapsed time: 0 seconds (0d 0h 0m 0s)

